2024-04-27 16:26:55 11120 [Note] Plugin 'FEDERATED' is disabled.
2024-04-27 16:26:55 11120 [Note] InnoDB: Using atomics to ref count buffer pool pages
2024-04-27 16:26:55 11120 [Note] InnoDB: The InnoDB memory heap is disabled
2024-04-27 16:26:55 11120 [Note] InnoDB: Mutexes and rw_locks use Windows interlocked functions
2024-04-27 16:26:55 11120 [Note] InnoDB: Memory barrier is not used
2024-04-27 16:26:55 11120 [Note] InnoDB: Compressed tables use zlib 1.2.3
2024-04-27 16:26:55 11120 [Note] InnoDB: Not using CPU crc32 instructions
2024-04-27 16:26:55 11120 [Note] InnoDB: Initializing buffer pool, size = 32.0M
2024-04-27 16:26:55 11120 [Note] InnoDB: Completed initialization of buffer pool
2024-04-27 16:26:55 11120 [Note] InnoDB: Highest supported file format is Barracuda.
2024-04-27 16:26:55 11120 [Note] InnoDB: 128 rollback segment(s) are active.
2024-04-27 16:26:55 11120 [Note] InnoDB: Waiting for purge to start
2024-04-27 16:26:56 11120 [Note] InnoDB: 5.6.35 started; log sequence number 1771182
2024-04-27 16:26:56 11120 [Warning] No existing UUID has been found, so we assume that this is the first time that this server has been started. Generating a new UUID: 94dc9430-04aa-11ef-a148-9828a61a0622.
2024-04-27 16:26:56 11120 [Note] Server hostname (bind-address): '127.0.0.1'; port: 3306
2024-04-27 16:26:56 11120 [Note]   - '127.0.0.1' resolves to '127.0.0.1';
2024-04-27 16:26:56 11120 [Note] Server socket created on IP: '127.0.0.1'.
2024-04-27 16:26:56 11120 [Note] Event Scheduler: Loaded 0 events
2024-04-27 16:26:56 11120 [Note] Execution of init_file 'D:\Tavernlightgamestest\forgottenserver1.4\UniServerZ\core\mysql\bin\mysql-init.txt' started.
2024-04-27 16:26:56 11120 [Note] Execution of init_file 'D:\Tavernlightgamestest\forgottenserver1.4\UniServerZ\core\mysql\bin\mysql-init.txt' ended.
2024-04-27 16:26:56 11120 [Note] D:\Tavernlightgamestest\forgottenserver1.4\UniServerZ\core\mysql\bin\mysqld_z.exe: ready for connections.
Version: '5.6.35'  socket: ''  port: 3306  MySQL Community Server (GPL)
2024-04-27 16:27:23 17444 [Note] Plugin 'FEDERATED' is disabled.
2024-04-27 16:27:23 17444 [Note] InnoDB: Using atomics to ref count buffer pool pages
2024-04-27 16:27:23 17444 [Note] InnoDB: The InnoDB memory heap is disabled
2024-04-27 16:27:23 17444 [Note] InnoDB: Mutexes and rw_locks use Windows interlocked functions
2024-04-27 16:27:23 17444 [Note] InnoDB: Memory barrier is not used
2024-04-27 16:27:23 17444 [Note] InnoDB: Compressed tables use zlib 1.2.3
2024-04-27 16:27:23 17444 [Note] InnoDB: Not using CPU crc32 instructions
2024-04-27 16:27:23 17444 [Note] InnoDB: Initializing buffer pool, size = 32.0M
2024-04-27 16:27:23 17444 [Note] InnoDB: Completed initialization of buffer pool
2024-04-27 16:27:23 17444 [Note] InnoDB: Highest supported file format is Barracuda.
2024-04-27 16:27:23 17444 [Note] InnoDB: 128 rollback segment(s) are active.
2024-04-27 16:27:23 17444 [Note] InnoDB: Waiting for purge to start
2024-04-27 16:27:23 17444 [Note] InnoDB: 5.6.35 started; log sequence number 1771182
2024-04-27 16:27:23 17444 [Note] Server hostname (bind-address): '127.0.0.1'; port: 3306
2024-04-27 16:27:23 17444 [Note]   - '127.0.0.1' resolves to '127.0.0.1';
2024-04-27 16:27:23 17444 [Note] Server socket created on IP: '127.0.0.1'.
2024-04-27 16:27:23 17444 [Note] Event Scheduler: Loaded 0 events
2024-04-27 16:27:23 17444 [Note] D:\Tavernlightgamestest\forgottenserver1.4\UniServerZ\core\mysql\bin\mysqld_z.exe: ready for connections.
Version: '5.6.35'  socket: ''  port: 3306  MySQL Community Server (GPL)
